
> vibe-calendar@0.1.0 build /home/fabian/code/vibe/vibe-calendar
> next build

▲ Next.js 16.1.1 (Turbopack)
- Environments: .env.local

⚠ The "middleware" file convention is deprecated. Please use "proxy" instead. Learn more: https://nextjs.org/docs/messages/middleware-to-proxy
  Creating an optimized production build ...
✓ Compiled successfully in 14.5s
  Running TypeScript ...
  Collecting page data using 21 workers ...
  Generating static pages using 21 workers (0/9) ...
  Generating static pages using 21 workers (2/9) 
  Generating static pages using 21 workers (4/9) 
  Generating static pages using 21 workers (6/9) 
✓ Generating static pages using 21 workers (9/9) in 1602.1ms
  Finalizing page optimization ...

Route (app)
┌ ƒ /
├ ƒ /_not-found
├ ƒ /api/auth/[...nextauth]
├ ƒ /api/calendar/events
├ ƒ /api/calendar/execute
├ ƒ /api/calendar/save
├ ƒ /api/events
└ ƒ /api/schedule


ƒ Proxy (Middleware)

ƒ  (Dynamic)  server-rendered on demand

